# JRE version: OpenJDK Runtime Environment Temurin-17.0.13+11 (17.0.13+11) (build 17.0.13+11)
# Java VM: OpenJDK 64-Bit Server VM Temurin-17.0.13+11 (17.0.13+11, mixed mode, tiered, compressed oops, compressed class ptrs, parallel gc, windows-amd64)
GC Precious Log:
 CPUs: 8 total, 8 available
 Memory: 16227M
 Large Page Support: Disabled
 NUMA Support: Disabled
 Compressed Oops: Enabled (32-bit)
 Alignments: Space 512K, Generation 512K, Heap 2M
 Heap Min Capacity: 100M
 Heap Initial Capacity: 100M
 Heap Max Capacity: 1G
 Pre-touch: Disabled
 Parallel Workers: 8
Heap:
 PSYoungGen      total 3584K, used 3037K [0x00000000eab00000, 0x00000000eb180000, 0x0000000100000000)
  eden space 2048K, 77% used [0x00000000eab00000,0x00000000eac8d1d0,0x00000000ead00000)
  from space 1536K, 94% used [0x00000000ead80000,0x00000000eaeea3c0,0x00000000eaf00000)
  to   space 2048K, 0% used [0x00000000eaf80000,0x00000000eaf80000,0x00000000eb180000)
 ParOldGen       total 423936K, used 416007K [0x00000000c0000000, 0x00000000d9e00000, 0x00000000eab00000)
  object space 423936K, 98% used [0x00000000c0000000,0x00000000d9641d40,0x00000000d9e00000)
 Metaspace       used 72998K, committed 74304K, reserved 1179648K
  class space    used 7827K, committed 8384K, reserved 1048576K
GC Heap History (20 events):
Event: 49.261 GC heap before
{Heap before GC invocations=253 (full 15):
 PSYoungGen      total 5632K, used 5184K [0x00000000eab00000, 0x00000000eb700000, 0x0000000100000000)
  eden space 2560K, 100% used [0x00000000eab00000,0x00000000ead80000,0x00000000ead80000)
  from space 3072K, 85% used [0x00000000ead80000,0x00000000eb010000,0x00000000eb080000)
  to   space 4608K, 0% used [0x00000000eb280000,0x00000000eb280000,0x00000000eb700000)
 ParOldGen       total 423936K, used 405509K [0x00000000c0000000, 0x00000000d9e00000, 0x00000000eab00000)
  object space 423936K, 95% used [0x00000000c0000000,0x00000000d8c01698,0x00000000d9e00000)
 Metaspace       used 72847K, committed 74176K, reserved 1179648K
  class space    used 7816K, committed 8384K, reserved 1048576K
}
Event: 49.268 GC heap after
{Heap after GC invocations=253 (full 15):
 PSYoungGen      total 6144K, used 4599K [0x00000000eab00000, 0x00000000eba00000, 0x0000000100000000)
  eden space 1536K, 0% used [0x00000000eab00000,0x00000000eab00000,0x00000000eac80000)
  from space 4608K, 99% used [0x00000000eb280000,0x00000000eb6fdd10,0x00000000eb700000)
  to   space 6144K, 0% used [0x00000000eac80000,0x00000000eac80000,0x00000000eb280000)
 ParOldGen       total 423936K, used 406061K [0x00000000c0000000, 0x00000000d9e00000, 0x00000000eab00000)
  object space 423936K, 95% used [0x00000000c0000000,0x00000000d8c8b698,0x00000000d9e00000)
 Metaspace       used 72847K, committed 74176K, reserved 1179648K
  class space    used 7816K, committed 8384K, reserved 1048576K
}
Event: 49.303 GC heap before
{Heap before GC invocations=254 (full 15):
 PSYoungGen      total 6144K, used 6135K [0x00000000eab00000, 0x00000000eba00000, 0x0000000100000000)
  eden space 1536K, 100% used [0x00000000eab00000,0x00000000eac80000,0x00000000eac80000)
  from space 4608K, 99% used [0x00000000eb280000,0x00000000eb6fdd10,0x00000000eb700000)
  to   space 6144K, 0% used [0x00000000eac80000,0x00000000eac80000,0x00000000eb280000)
 ParOldGen       total 423936K, used 406061K [0x00000000c0000000, 0x00000000d9e00000, 0x00000000eab00000)
  object space 423936K, 95% used [0x00000000c0000000,0x00000000d8c8b698,0x00000000d9e00000)
 Metaspace       used 72864K, committed 74176K, reserved 1179648K
  class space    used 7816K, committed 8384K, reserved 1048576K
}
Event: 49.313 GC heap after
{Heap after GC invocations=254 (full 15):
 PSYoungGen      total 3584K, used 1590K [0x00000000eab00000, 0x00000000eb300000, 0x0000000100000000)
  eden space 1536K, 0% used [0x00000000eab00000,0x00000000eab00000,0x00000000eac80000)
  from space 2048K, 77% used [0x00000000eac80000,0x00000000eae0d8c0,0x00000000eae80000)
  to   space 3072K, 0% used [0x00000000eb000000,0x00000000eb000000,0x00000000eb300000)
 ParOldGen       total 423936K, used 410192K [0x00000000c0000000, 0x00000000d9e00000, 0x00000000eab00000)
  object space 423936K, 96% used [0x00000000c0000000,0x00000000d90942e8,0x00000000d9e00000)
 Metaspace       used 72864K, committed 74176K, reserved 1179648K
  class space    used 7816K, committed 8384K, reserved 1048576K
}
Event: 49.328 GC heap before
{Heap before GC invocations=255 (full 15):
 PSYoungGen      total 3584K, used 3126K [0x00000000eab00000, 0x00000000eb300000, 0x0000000100000000)
  eden space 1536K, 100% used [0x00000000eab00000,0x00000000eac80000,0x00000000eac80000)
  from space 2048K, 77% used [0x00000000eac80000,0x00000000eae0d8c0,0x00000000eae80000)
  to   space 3072K, 0% used [0x00000000eb000000,0x00000000eb000000,0x00000000eb300000)
 ParOldGen       total 423936K, used 410192K [0x00000000c0000000, 0x00000000d9e00000, 0x00000000eab00000)
  object space 423936K, 96% used [0x00000000c0000000,0x00000000d90942e8,0x00000000d9e00000)
 Metaspace       used 72864K, committed 74176K, reserved 1179648K
  class space    used 7816K, committed 8384K, reserved 1048576K
}
Event: 49.333 GC heap after
{Heap after GC invocations=255 (full 15):
 PSYoungGen      total 5120K, used 2443K [0x00000000eab00000, 0x00000000eb300000, 0x0000000100000000)
  eden space 2048K, 0% used [0x00000000eab00000,0x00000000eab00000,0x00000000ead00000)
  from space 3072K, 79% used [0x00000000eb000000,0x00000000eb262c78,0x00000000eb300000)
  to   space 3072K, 0% used [0x00000000ead00000,0x00000000ead00000,0x00000000eb000000)
 ParOldGen       total 423936K, used 410192K [0x00000000c0000000, 0x00000000d9e00000, 0x00000000eab00000)
  object space 423936K, 96% used [0x00000000c0000000,0x00000000d90942e8,0x00000000d9e00000)
 Metaspace       used 72864K, committed 74176K, reserved 1179648K
  class space    used 7816K, committed 8384K, reserved 1048576K
}
Event: 49.356 GC heap before
{Heap before GC invocations=256 (full 15):
 PSYoungGen      total 5120K, used 4485K [0x00000000eab00000, 0x00000000eb300000, 0x0000000100000000)
  eden space 2048K, 99% used [0x00000000eab00000,0x00000000eacfea08,0x00000000ead00000)
  from space 3072K, 79% used [0x00000000eb000000,0x00000000eb262c78,0x00000000eb300000)
  to   space 3072K, 0% used [0x00000000ead00000,0x00000000ead00000,0x00000000eb000000)
 ParOldGen       total 423936K, used 410192K [0x00000000c0000000, 0x00000000d9e00000, 0x00000000eab00000)
  object space 423936K, 96% used [0x00000000c0000000,0x00000000d90942e8,0x00000000d9e00000)
 Metaspace       used 72864K, committed 74176K, reserved 1179648K
  class space    used 7816K, committed 8384K, reserved 1048576K
}
Event: 49.361 GC heap after
{Heap after GC invocations=256 (full 15):
 PSYoungGen      total 5120K, used 3051K [0x00000000eab00000, 0x00000000eb780000, 0x0000000100000000)
  eden space 2048K, 0% used [0x00000000eab00000,0x00000000eab00000,0x00000000ead00000)
  from space 3072K, 99% used [0x00000000ead00000,0x00000000eaffac78,0x00000000eb000000)
  to   space 5120K, 0% used [0x00000000eb280000,0x00000000eb280000,0x00000000eb780000)
 ParOldGen       total 423936K, used 411514K [0x00000000c0000000, 0x00000000d9e00000, 0x00000000eab00000)
  object space 423936K, 97% used [0x00000000c0000000,0x00000000d91debd0,0x00000000d9e00000)
 Metaspace       used 72864K, committed 74176K, reserved 1179648K
  class space    used 7816K, committed 8384K, reserved 1048576K
}
Event: 49.382 GC heap before
{Heap before GC invocations=257 (full 15):
 PSYoungGen      total 5120K, used 4974K [0x00000000eab00000, 0x00000000eb780000, 0x0000000100000000)
  eden space 2048K, 93% used [0x00000000eab00000,0x00000000eace0d98,0x00000000ead00000)
  from space 3072K, 99% used [0x00000000ead00000,0x00000000eaffac78,0x00000000eb000000)
  to   space 5120K, 0% used [0x00000000eb280000,0x00000000eb280000,0x00000000eb780000)
 ParOldGen       total 423936K, used 411514K [0x00000000c0000000, 0x00000000d9e00000, 0x00000000eab00000)
  object space 423936K, 97% used [0x00000000c0000000,0x00000000d91debd0,0x00000000d9e00000)
 Metaspace       used 72864K, committed 74176K, reserved 1179648K
  class space    used 7816K, committed 8384K, reserved 1048576K
}
Event: 49.390 GC heap after
{Heap after GC invocations=257 (full 15):
 PSYoungGen      total 5632K, used 2908K [0x00000000eab00000, 0x00000000eb580000, 0x0000000100000000)
  eden space 2560K, 0% used [0x00000000eab00000,0x00000000eab00000,0x00000000ead80000)
  from space 3072K, 94% used [0x00000000eb280000,0x00000000eb5570d0,0x00000000eb580000)
  to   space 3584K, 0% used [0x00000000eae80000,0x00000000eae80000,0x00000000eb200000)
 ParOldGen       total 423936K, used 413466K [0x00000000c0000000, 0x00000000d9e00000, 0x00000000eab00000)
  object space 423936K, 97% used [0x00000000c0000000,0x00000000d93c6a50,0x00000000d9e00000)
 Metaspace       used 72864K, committed 74176K, reserved 1179648K
  class space    used 7816K, committed 8384K, reserved 1048576K
}
Event: 49.509 GC heap before
{Heap before GC invocations=258 (full 15):
 PSYoungGen      total 5632K, used 5165K [0x00000000eab00000, 0x00000000eb580000, 0x0000000100000000)
  eden space 2560K, 88% used [0x00000000eab00000,0x00000000ead343c8,0x00000000ead80000)
  from space 3072K, 94% used [0x00000000eb280000,0x00000000eb5570d0,0x00000000eb580000)
  to   space 3584K, 0% used [0x00000000eae80000,0x00000000eae80000,0x00000000eb200000)
 ParOldGen       total 423936K, used 413466K [0x00000000c0000000, 0x00000000d9e00000, 0x00000000eab00000)
  object space 423936K, 97% used [0x00000000c0000000,0x00000000d93c6a50,0x00000000d9e00000)
 Metaspace       used 72871K, committed 74176K, reserved 1179648K
  class space    used 7817K, committed 8384K, reserved 1048576K
}
Event: 49.515 GC heap after
{Heap after GC invocations=258 (full 15):
 PSYoungGen      total 6144K, used 2817K [0x00000000eab00000, 0x00000000eb400000, 0x0000000100000000)
  eden space 3072K, 0% used [0x00000000eab00000,0x00000000eab00000,0x00000000eae00000)
  from space 3072K, 91% used [0x00000000eae80000,0x00000000eb140428,0x00000000eb180000)
  to   space 2560K, 0% used [0x00000000eb180000,0x00000000eb180000,0x00000000eb400000)
 ParOldGen       total 423936K, used 413474K [0x00000000c0000000, 0x00000000d9e00000, 0x00000000eab00000)
  object space 423936K, 97% used [0x00000000c0000000,0x00000000d93c8a50,0x00000000d9e00000)
 Metaspace       used 72871K, committed 74176K, reserved 1179648K
  class space    used 7817K, committed 8384K, reserved 1048576K
}
Event: 49.772 GC heap before
{Heap before GC invocations=259 (full 15):
 PSYoungGen      total 6144K, used 5818K [0x00000000eab00000, 0x00000000eb400000, 0x0000000100000000)
  eden space 3072K, 97% used [0x00000000eab00000,0x00000000eadee640,0x00000000eae00000)
  from space 3072K, 91% used [0x00000000eae80000,0x00000000eb140428,0x00000000eb180000)
  to   space 2560K, 0% used [0x00000000eb180000,0x00000000eb180000,0x00000000eb400000)
 ParOldGen       total 423936K, used 413474K [0x00000000c0000000, 0x00000000d9e00000, 0x00000000eab00000)
  object space 423936K, 97% used [0x00000000c0000000,0x00000000d93c8a50,0x00000000d9e00000)
 Metaspace       used 72909K, committed 74240K, reserved 1179648K
  class space    used 7819K, committed 8384K, reserved 1048576K
}
Event: 49.782 GC heap after
{Heap after GC invocations=259 (full 15):
 PSYoungGen      total 4608K, used 2544K [0x00000000eab00000, 0x00000000eb780000, 0x0000000100000000)
  eden space 2048K, 0% used [0x00000000eab00000,0x00000000eab00000,0x00000000ead00000)
  from space 2560K, 99% used [0x00000000eb180000,0x00000000eb3fc1f8,0x00000000eb400000)
  to   space 4608K, 0% used [0x00000000ead00000,0x00000000ead00000,0x00000000eb180000)
 ParOldGen       total 423936K, used 414911K [0x00000000c0000000, 0x00000000d9e00000, 0x00000000eab00000)
  object space 423936K, 97% used [0x00000000c0000000,0x00000000d952fd40,0x00000000d9e00000)
 Metaspace       used 72909K, committed 74240K, reserved 1179648K
  class space    used 7819K, committed 8384K, reserved 1048576K
}
Event: 49.821 GC heap before
{Heap before GC invocations=260 (full 15):
 PSYoungGen      total 4608K, used 4592K [0x00000000eab00000, 0x00000000eb780000, 0x0000000100000000)
  eden space 2048K, 99% used [0x00000000eab00000,0x00000000eacfffd8,0x00000000ead00000)
  from space 2560K, 99% used [0x00000000eb180000,0x00000000eb3fc1f8,0x00000000eb400000)
  to   space 4608K, 0% used [0x00000000ead00000,0x00000000ead00000,0x00000000eb180000)
 ParOldGen       total 423936K, used 414911K [0x00000000c0000000, 0x00000000d9e00000, 0x00000000eab00000)
  object space 423936K, 97% used [0x00000000c0000000,0x00000000d952fd40,0x00000000d9e00000)
 Metaspace       used 72911K, committed 74240K, reserved 1179648K
  class space    used 7819K, committed 8384K, reserved 1048576K
}
Event: 49.828 GC heap after
{Heap after GC invocations=260 (full 15):
 PSYoungGen      total 5632K, used 3320K [0x00000000eab00000, 0x00000000eb480000, 0x0000000100000000)
  eden space 2048K, 0% used [0x00000000eab00000,0x00000000eab00000,0x00000000ead00000)
  from space 3584K, 92% used [0x00000000ead00000,0x00000000eb03e030,0x00000000eb080000)
  to   space 3584K, 0% used [0x00000000eb100000,0x00000000eb100000,0x00000000eb480000)
 ParOldGen       total 423936K, used 415991K [0x00000000c0000000, 0x00000000d9e00000, 0x00000000eab00000)
  object space 423936K, 98% used [0x00000000c0000000,0x00000000d963dd40,0x00000000d9e00000)
 Metaspace       used 72911K, committed 74240K, reserved 1179648K
  class space    used 7819K, committed 8384K, reserved 1048576K
}
Event: 179.651 GC heap before
{Heap before GC invocations=261 (full 15):
 PSYoungGen      total 5632K, used 5368K [0x00000000eab00000, 0x00000000eb480000, 0x0000000100000000)
  eden space 2048K, 99% used [0x00000000eab00000,0x00000000eacffff8,0x00000000ead00000)
  from space 3584K, 92% used [0x00000000ead00000,0x00000000eb03e030,0x00000000eb080000)
  to   space 3584K, 0% used [0x00000000eb100000,0x00000000eb100000,0x00000000eb480000)
 ParOldGen       total 423936K, used 415991K [0x00000000c0000000, 0x00000000d9e00000, 0x00000000eab00000)
  object space 423936K, 98% used [0x00000000c0000000,0x00000000d963dd40,0x00000000d9e00000)
 Metaspace       used 72927K, committed 74240K, reserved 1179648K
  class space    used 7820K, committed 8384K, reserved 1048576K
}
Event: 179.656 GC heap after
{Heap after GC invocations=261 (full 15):
 PSYoungGen      total 3584K, used 1480K [0x00000000eab00000, 0x00000000eb280000, 0x0000000100000000)
  eden space 2048K, 0% used [0x00000000eab00000,0x00000000eab00000,0x00000000ead00000)
  from space 1536K, 96% used [0x00000000eb100000,0x00000000eb2723c0,0x00000000eb280000)
  to   space 2560K, 0% used [0x00000000ead80000,0x00000000ead80000,0x00000000eb000000)
 ParOldGen       total 423936K, used 415999K [0x00000000c0000000, 0x00000000d9e00000, 0x00000000eab00000)
  object space 423936K, 98% used [0x00000000c0000000,0x00000000d963fd40,0x00000000d9e00000)
 Metaspace       used 72927K, committed 74240K, reserved 1179648K
  class space    used 7820K, committed 8384K, reserved 1048576K
}
Event: 527.462 GC heap before
{Heap before GC invocations=262 (full 15):
 PSYoungGen      total 3584K, used 3528K [0x00000000eab00000, 0x00000000eb280000, 0x0000000100000000)
  eden space 2048K, 100% used [0x00000000eab00000,0x00000000ead00000,0x00000000ead00000)
  from space 1536K, 96% used [0x00000000eb100000,0x00000000eb2723c0,0x00000000eb280000)
  to   space 2560K, 0% used [0x00000000ead80000,0x00000000ead80000,0x00000000eb000000)
 ParOldGen       total 423936K, used 415999K [0x00000000c0000000, 0x00000000d9e00000, 0x00000000eab00000)
  object space 423936K, 98% used [0x00000000c0000000,0x00000000d963fd40,0x00000000d9e00000)
 Metaspace       used 72998K, committed 74304K, reserved 1179648K
  class space    used 7827K, committed 8384K, reserved 1048576K
}
Event: 527.467 GC heap after
{Heap after GC invocations=262 (full 15):
 PSYoungGen      total 3584K, used 1448K [0x00000000eab00000, 0x00000000eb180000, 0x0000000100000000)
  eden space 2048K, 0% used [0x00000000eab00000,0x00000000eab00000,0x00000000ead00000)
  from space 1536K, 94% used [0x00000000ead80000,0x00000000eaeea3c0,0x00000000eaf00000)
  to   space 2048K, 0% used [0x00000000eaf80000,0x00000000eaf80000,0x00000000eb180000)
 ParOldGen       total 423936K, used 416007K [0x00000000c0000000, 0x00000000d9e00000, 0x00000000eab00000)
  object space 423936K, 98% used [0x00000000c0000000,0x00000000d9641d40,0x00000000d9e00000)
 Metaspace       used 72998K, committed 74304K, reserved 1179648K
  class space    used 7827K, committed 8384K, reserved 1048576K
}

